=== M05 Build Log ===
Date: 2026-03-02
WorkingDir: c:\Users\Peter\source\repos\AECCT_HLS

Command: cl /nologo /std:c++20 /EHsc /utf-8 /I . /I include /I src /I third_party\ac_types /I data\weights tb\tb_top_m5.cpp /Fe:build\tmp_tb_top_m5.exe
tb_top_m5.cpp
include\SoftmaxApprox.h(8): warning C4068: 未知的 pragma 'hls_inline'
include\SoftmaxApprox.h(16): warning C4068: 未知的 pragma 'hls_inline'
include\SoftmaxApprox.h(27): warning C4068: 未知的 pragma 'hls_inline'
include\SoftmaxApprox.h(34): warning C4068: 未知的 pragma 'hls_inline'
include\SoftmaxApprox.h(42): warning C4068: 未知的 pragma 'hls_inline'
include\SoftmaxApprox.h(49): warning C4068: 未知的 pragma 'hls_inline'
include\SoftmaxApprox.h(67): warning C4068: 未知的 pragma 'hls_inline'
include\SoftmaxApprox.h(84): warning C4068: 未知的 pragma 'hls_inline'
src\Top.h(763): warning C4068: 未知的 pragma 'HLS'
third_party\ac_types\ac_std_float.h(1560): warning C4805: '&': 作業中不安全的混用類型 'bool' 和類型 'int'
third_party\ac_types\ac_std_float.h(1560): note: 範本具現化內容 (首先是最舊的) 是
third_party\ac_types\ac_std_float.h(2459): note: 請參考正在進行編譯的 類別 樣板 具現化 'ac_std_float<16,8>'
third_party\ac_types\ac_std_float.h(1557): note: 編譯 類別 樣板 成員函式 'bool ac_std_float<16,8>::operator >(const ac_std_float<16,8> &) const' 期間
third_party\ac_types\ac_std_float.h(2620): note: 請參閱 'ac::bfloat16::operator >' 中 'ac_std_float<16,8>::operator >' 的第一個參考
third_party\ac_types\ac_std_float.h(1549): warning C4805: '&': 作業中不安全的混用類型 'bool' 和類型 'int'
third_party\ac_types\ac_std_float.h(1549): note: 範本具現化內容 (首先是最舊的) 是
third_party\ac_types\ac_std_float.h(1547): note: 編譯 類別 樣板 成員函式 'bool ac_std_float<16,8>::operator <(const ac_std_float<16,8> &) const' 期間
third_party\ac_types\ac_std_float.h(2614): note: 請參閱 'ac::bfloat16::operator <' 中 'ac_std_float<16,8>::operator <' 的第一個參考
third_party\ac_types\ac_std_float.h(709): warning C4804: '-': 作業中不安全的使用類型 'bool'
third_party\ac_types\ac_std_float.h(709): note: 範本具現化內容 (首先是最舊的) 是
third_party\ac_types\ac_std_float.h(2531): note: 請參考正在進行編譯的函式 樣板 具現化 'void ac_std_float<16,8>::assign_from<AC_TRN_ZERO,16,false>(const ac_int<16,false> &)'
third_party\ac_types\ac_std_float.h(2531): note: 請參閱 'ac::bfloat16::bfloat16' 中 'ac_std_float<16,8>::assign_from' 的第一個參考
third_party\ac_types\ac_std_float.h(748): note: 請參考正在進行編譯的函式 樣板 具現化 'void ac_std_float<16,8>::assign_from<AC_TRN_ZERO,16,16,false,AC_TRN,AC_WRAP>(const ac_fixed<16,16,false,AC_TRN,AC_WRAP> &)'
third_party\ac_types\ac_std_float.h(639): warning C4804: '-': 作業中不安全的使用類型 'bool'
third_party\ac_types\ac_std_float.h(639): note: 範本具現化內容 (首先是最舊的) 是
third_party\ac_types\ac_std_float.h(2555): note: 請參考正在進行編譯的函式 樣板 具現化 'ac::bfloat16::bfloat16<binary64>(const ac_ieee_float<binary64> &)'
third_party\ac_types\ac_std_float.h(2455): note: 請參考正在進行編譯的函式 樣板 具現化 'ac_std_float<16,8> ac_std_float<64,11>::convert<16,8,AC_TRN_ZERO>(void) const'
third_party\ac_types\ac_std_float.h(1281): warning C4804: '-': 作業中不安全的使用類型 'bool'
third_party\ac_types\ac_std_float.h(1281): note: 範本具現化內容 (首先是最舊的) 是
third_party\ac_types\ac_std_float.h(2592): note: 請參考正在進行編譯的函式 樣板 具現化 'ac_std_float<16,8> ac_std_float<16,8>::div<AC_TRN_ZERO,false>(const ac_std_float<16,8> &) const'
third_party\ac_types\ac_std_float.h(2592): note: 請參閱 'ac::bfloat16::operator /' 中 'ac_std_float<16,8>::div' 的第一個參考
third_party\ac_types\ac_std_float.h(1300): note: 請參考正在進行編譯的函式 樣板 具現化 'ac_std_float<16,8> ac_std_float<16,8>::div_generic<AC_TRN_ZERO,false>(const ac_std_float<16,8> &) const'
third_party\ac_types\ac_std_float.h(181): warning C4804: '>': 作業中不安全的使用類型 'bool'
third_party\ac_types\ac_std_float.h(181): note: 範本具現化內容 (首先是最舊的) 是
third_party\ac_types\ac_std_float.h(748): note: 請參考正在進行編譯的函式 樣板 具現化 'void ac_std_float<16,8>::assign_from<AC_TRN_ZERO,16,16,false,AC_TRN,AC_WRAP>(const ac_fixed<16,16,false,AC_TRN,AC_WRAP> &)'
third_party\ac_types\ac_std_float.h(688): note: 請參考正在進行編譯的函式 樣板 具現化 'unsigned int ac_private::leading_sign_constrained<141,16,false>(const ac_int<16,false> &,bool &)'
ExitCode: 0

Command: powershell -NoProfile -ExecutionPolicy Bypass -File .\\scripts\\run_gates.ps1
PASS: check_design_purity
PASS: check_interface_lock
PASS: check_repo_hygiene
PASS: all gates
ExitCode: 0

